{"/home/linos/projet-dev/caesar-cypher/src/caesar_cypher_module/CaesarComponent.tsx": {"path":"/home/linos/projet-dev/caesar-cypher/src/caesar_cypher_module/CaesarComponent.tsx","statementMap":{"0":{"start":{"line":5,"column":22},"end":{"line":5,"column":null}},"1":{"start":{"line":8,"column":32},"end":{"line":8,"column":null}},"2":{"start":{"line":15,"column":10},"end":{"line":15,"column":null}},"3":{"start":{"line":16,"column":29},"end":{"line":16,"column":null}},"4":{"start":{"line":17,"column":32},"end":{"line":17,"column":null}},"5":{"start":{"line":18,"column":24},"end":{"line":18,"column":null}},"6":{"start":{"line":19,"column":22},"end":{"line":19,"column":null}},"7":{"start":{"line":21,"column":4},"end":{"line":21,"column":null}},"8":{"start":{"line":21,"column":22},"end":{"line":21,"column":56}},"9":{"start":{"line":21,"column":40},"end":{"line":21,"column":54}},"10":{"start":{"line":23,"column":4},"end":{"line":49,"column":null}},"11":{"start":{"line":29,"column":37},"end":{"line":29,"column":null}},"12":{"start":{"line":36,"column":37},"end":{"line":36,"column":null}}},"fnMap":{"0":{"name":"CaesarComponent","decl":{"start":{"line":7,"column":24},"end":{"line":7,"column":42}},"loc":{"start":{"line":7,"column":42},"end":{"line":51,"column":null}}},"1":{"name":"(anonymous_1)","decl":{"start":{"line":21,"column":14},"end":{"line":21,"column":20}},"loc":{"start":{"line":21,"column":20},"end":{"line":21,"column":59}}},"2":{"name":"(anonymous_2)","decl":{"start":{"line":29,"column":30},"end":{"line":29,"column":31}},"loc":{"start":{"line":29,"column":37},"end":{"line":29,"column":null}}},"3":{"name":"(anonymous_3)","decl":{"start":{"line":36,"column":30},"end":{"line":36,"column":31}},"loc":{"start":{"line":36,"column":37},"end":{"line":36,"column":null}}}},"branchMap":{"0":{"loc":{"start":{"line":21,"column":22},"end":{"line":21,"column":56}},"type":"if","locations":[{"start":{"line":21,"column":22},"end":{"line":21,"column":56}},{"start":{},"end":{}}]},"1":{"loc":{"start":{"line":35,"column":27},"end":{"line":35,"column":null}},"type":"binary-expr","locations":[{"start":{"line":35,"column":27},"end":{"line":35,"column":35}},{"start":{"line":35,"column":35},"end":{"line":35,"column":null}}]},"2":{"loc":{"start":{"line":36,"column":48},"end":{"line":36,"column":64}},"type":"binary-expr","locations":[{"start":{"line":36,"column":48},"end":{"line":36,"column":53}},{"start":{"line":36,"column":53},"end":{"line":36,"column":64}}]},"3":{"loc":{"start":{"line":42,"column":18},"end":{"line":46,"column":null}},"type":"cond-expr","locations":[{"start":{"line":43,"column":20},"end":{"line":45,"column":null}},{"start":{"line":46,"column":22},"end":{"line":46,"column":null}}]},"4":{"loc":{"start":{"line":42,"column":18},"end":{"line":42,"column":null}},"type":"binary-expr","locations":[{"start":{"line":42,"column":18},"end":{"line":42,"column":27}},{"start":{"line":42,"column":27},"end":{"line":42,"column":null}}]}},"s":{"0":1,"1":7,"2":7,"3":7,"4":7,"5":7,"6":7,"7":7,"8":6,"9":2,"10":7,"11":3,"12":1},"f":{"0":7,"1":6,"2":3,"3":1},"b":{"0":[2,4],"1":[7,0],"2":[1,0],"3":[3,4],"4":[7,4]}}
,"/home/linos/projet-dev/caesar-cypher/src/caesar_cypher_module/caesar_logic.ts": {"path":"/home/linos/projet-dev/caesar-cypher/src/caesar_cypher_module/caesar_logic.ts","statementMap":{"0":{"start":{"line":3,"column":24},"end":{"line":17,"column":null}},"1":{"start":{"line":4,"column":26},"end":{"line":4,"column":null}},"2":{"start":{"line":5,"column":26},"end":{"line":5,"column":null}},"3":{"start":{"line":7,"column":21},"end":{"line":7,"column":null}},"4":{"start":{"line":7,"column":42},"end":{"line":7,"column":null}},"5":{"start":{"line":8,"column":21},"end":{"line":8,"column":null}},"6":{"start":{"line":8,"column":42},"end":{"line":8,"column":null}},"7":{"start":{"line":10,"column":2},"end":{"line":16,"column":null}},"8":{"start":{"line":21,"column":39},"end":{"line":41,"column":null}},"9":{"start":{"line":22,"column":31},"end":{"line":22,"column":null}},"10":{"start":{"line":23,"column":23},"end":{"line":23,"column":null}},"11":{"start":{"line":25,"column":4},"end":{"line":39,"column":null}},"12":{"start":{"line":26,"column":8},"end":{"line":38,"column":null}},"13":{"start":{"line":26,"column":25},"end":{"line":26,"column":28}},"14":{"start":{"line":27,"column":25},"end":{"line":27,"column":null}},"15":{"start":{"line":29,"column":12},"end":{"line":37,"column":null}},"16":{"start":{"line":30,"column":36},"end":{"line":30,"column":null}},"17":{"start":{"line":31,"column":29},"end":{"line":31,"column":null}},"18":{"start":{"line":33,"column":22},"end":{"line":33,"column":null}},"19":{"start":{"line":34,"column":16},"end":{"line":34,"column":null}},"20":{"start":{"line":36,"column":16},"end":{"line":36,"column":null}},"21":{"start":{"line":40,"column":4},"end":{"line":40,"column":null}}},"fnMap":{"0":{"name":"(anonymous_0)","decl":{"start":{"line":3,"column":24},"end":{"line":3,"column":25}},"loc":{"start":{"line":3,"column":82},"end":{"line":17,"column":null}}},"1":{"name":"(anonymous_1)","decl":{"start":{"line":7,"column":21},"end":{"line":7,"column":22}},"loc":{"start":{"line":7,"column":42},"end":{"line":7,"column":null}}},"2":{"name":"(anonymous_2)","decl":{"start":{"line":8,"column":21},"end":{"line":8,"column":22}},"loc":{"start":{"line":8,"column":42},"end":{"line":8,"column":null}}},"3":{"name":"(anonymous_3)","decl":{"start":{"line":21,"column":39},"end":{"line":21,"column":40}},"loc":{"start":{"line":21,"column":82},"end":{"line":41,"column":null}}}},"branchMap":{"0":{"loc":{"start":{"line":3,"column":25},"end":{"line":3,"column":62}},"type":"default-arg","locations":[{"start":{"line":3,"column":39},"end":{"line":3,"column":62}}]},"1":{"loc":{"start":{"line":3,"column":62},"end":{"line":3,"column":82}},"type":"default-arg","locations":[{"start":{"line":3,"column":76},"end":{"line":3,"column":82}}]},"2":{"loc":{"start":{"line":23,"column":23},"end":{"line":23,"column":null}},"type":"cond-expr","locations":[{"start":{"line":23,"column":43},"end":{"line":23,"column":55}},{"start":{"line":23,"column":55},"end":{"line":23,"column":null}}]},"3":{"loc":{"start":{"line":25,"column":4},"end":{"line":39,"column":null}},"type":"if","locations":[{"start":{"line":25,"column":4},"end":{"line":39,"column":null}},{"start":{},"end":{}}]},"4":{"loc":{"start":{"line":25,"column":8},"end":{"line":25,"column":44}},"type":"binary-expr","locations":[{"start":{"line":25,"column":8},"end":{"line":25,"column":30}},{"start":{"line":25,"column":30},"end":{"line":25,"column":44}}]},"5":{"loc":{"start":{"line":29,"column":12},"end":{"line":37,"column":null}},"type":"if","locations":[{"start":{"line":29,"column":12},"end":{"line":37,"column":null}},{"start":{"line":35,"column":19},"end":{"line":37,"column":null}}]},"6":{"loc":{"start":{"line":31,"column":29},"end":{"line":31,"column":null}},"type":"cond-expr","locations":[{"start":{"line":31,"column":43},"end":{"line":31,"column":63}},{"start":{"line":31,"column":63},"end":{"line":31,"column":null}}]}},"s":{"0":1,"1":7,"2":7,"3":7,"4":3,"5":7,"6":3,"7":7,"8":1,"9":4,"10":4,"11":4,"12":4,"13":4,"14":42,"15":42,"16":36,"17":36,"18":36,"19":36,"20":6,"21":4},"f":{"0":7,"1":3,"2":3,"3":4},"b":{"0":[7],"1":[7],"2":[4,0],"3":[4,0],"4":[4,4],"5":[36,6],"6":[9,27]}}
}
